<?xml version="1.0" encoding="UTF-8"?>
<!-- Generated by org.testng.reporters.JUnitReportReporter -->
<testsuite skipped="0" hostname="LAPTOP-ECAHEHDS" name="testrunner.Smoke" tests="1" failures="0" timestamp="2023-11-01T19:48:11 IST" time="0.201" errors="0">
  <testcase name="runScenario" time="0.201" classname="testrunner.Smoke"/>
  <system-out/>
</testsuite> <!-- testrunner.Smoke -->
